POST /api/users/register ::1
POST /api/users/register ::1
POST /api/users/register ::1
POST /api/users/register ::1
POST /api/users/register ::1
POST /api/users/register ::1
POST /api/users/login ::1
POST /api/users/login ::1
POST /api/users/login ::1
POST /api/users/login ::1
POST /api/users/login ::1
POST /api/users/register ::1
POST /api/users/login ::1
POST /api/users/login ::1
POST /api/users/register ::1
POST /api/users/register ::1
POST /api/users/login ::1
POST /api/users/login ::1
POST /api/users/register ::1
POST /api/users/login ::1
POST /api/users/register ::1
POST /api/users/login ::1
POST /api/users/login ::1
POST /api/jobs ::1
POST /api/jobs ::1
POST /api/jobs ::1
POST /api/jobs ::1
POST /api/users/login ::1
POST /api/jobs ::1
POST /api/jobs ::1
POST /api/jobs ::1
POST /api/jobs ::1
GET / ::1
GET /favicon.ico ::1
POST /api/users/login ::1
POST /api/jobs ::1
POST /api/jobs ::1
